[debug] [2024-11-10T14:49:47.541Z] ----------------------------------------------------------------------
[debug] [2024-11-10T14:49:47.543Z] Command:       C:\Program Files\nodejs\node.exe C:\Users\hp\AppData\Roaming\npm\node_modules\firebase-tools\lib\bin\firebase.js init
[debug] [2024-11-10T14:49:47.544Z] CLI Version:   13.24.2
[debug] [2024-11-10T14:49:47.544Z] Platform:      win32
[debug] [2024-11-10T14:49:47.544Z] Node Version:  v21.1.0
[debug] [2024-11-10T14:49:47.544Z] Time:          Sun Nov 10 2024 20:19:47 GMT+0530 (India Standard Time)
[debug] [2024-11-10T14:49:47.545Z] ----------------------------------------------------------------------
[debug] 
[debug] [2024-11-10T14:49:47.553Z] > command requires scopes: ["email","openid","https://www.googleapis.com/auth/cloudplatformprojects.readonly","https://www.googleapis.com/auth/firebase","https://www.googleapis.com/auth/cloud-platform"]
[debug] [2024-11-10T14:49:47.553Z] > authorizing via signed-in user (6apr1971@gmail.com)
[info] 
     ######## #### ########  ######## ########     ###     ######  ########
     ##        ##  ##     ## ##       ##     ##  ##   ##  ##       ##
     ######    ##  ########  ######   ########  #########  ######  ######
     ##        ##  ##    ##  ##       ##     ## ##     ##       ## ##
     ##       #### ##     ## ######## ########  ##     ##  ######  ########

You're about to initialize a Firebase project in this directory:

  C:\Users\hp\Desktop\NikeCloneWebsite-main

[debug] [2024-11-10T14:50:18.200Z] ----------------------------------------------------------------------
[debug] [2024-11-10T14:50:18.204Z] Command:       C:\Program Files\nodejs\node.exe C:\Users\hp\AppData\Roaming\npm\node_modules\firebase-tools\lib\bin\firebase.js init hosting
[debug] [2024-11-10T14:50:18.205Z] CLI Version:   13.24.2
[debug] [2024-11-10T14:50:18.205Z] Platform:      win32
[debug] [2024-11-10T14:50:18.205Z] Node Version:  v21.1.0
[debug] [2024-11-10T14:50:18.206Z] Time:          Sun Nov 10 2024 20:20:18 GMT+0530 (India Standard Time)
[debug] [2024-11-10T14:50:18.206Z] ----------------------------------------------------------------------
[debug] 
[debug] [2024-11-10T14:50:18.215Z] > command requires scopes: ["email","openid","https://www.googleapis.com/auth/cloudplatformprojects.readonly","https://www.googleapis.com/auth/firebase","https://www.googleapis.com/auth/cloud-platform"]
[debug] [2024-11-10T14:50:18.216Z] > authorizing via signed-in user (6apr1971@gmail.com)
[info] 
     ######## #### ########  ######## ########     ###     ######  ########
     ##        ##  ##     ## ##       ##     ##  ##   ##  ##       ##
     ######    ##  ########  ######   ########  #########  ######  ######
     ##        ##  ##    ##  ##       ##     ## ##     ##       ## ##
     ##       #### ##     ## ######## ########  ##     ##  ######  ########

You're about to initialize a Firebase project in this directory:

  C:\Users\hp\Desktop\NikeCloneWebsite-main

[info] 
=== Project Setup
[info] 
[info] First, let's associate this project directory with a Firebase project.
[info] You can create multiple project aliases by running firebase use --add, 
[info] but for now we'll just set up a default project.
[info] 
[debug] [2024-11-10T14:50:21.756Z] Checked if tokens are valid: true, expires at: 1731252914822
[debug] [2024-11-10T14:50:21.756Z] Checked if tokens are valid: true, expires at: 1731252914822
[debug] [2024-11-10T14:50:21.758Z] >>> [apiv2][query] GET https://firebase.googleapis.com/v1beta1/projects pageSize=100
[debug] [2024-11-10T14:50:25.435Z] <<< [apiv2][status] GET https://firebase.googleapis.com/v1beta1/projects 200
[debug] [2024-11-10T14:50:25.435Z] <<< [apiv2][body] GET https://firebase.googleapis.com/v1beta1/projects [omitted]
[info] i  Using project nik2ec2lo7ne (Nike Clone) 
[info] 
=== Hosting Setup
[debug] [2024-11-10T14:50:26.798Z] Checked if tokens are valid: true, expires at: 1731252914822
[debug] [2024-11-10T14:50:26.798Z] Checked if tokens are valid: true, expires at: 1731252914822
[debug] [2024-11-10T14:50:26.799Z] >>> [apiv2][query] GET https://firebase.googleapis.com/v1beta1/projects/nik2ec2lo7ne [none]
[debug] [2024-11-10T14:50:27.598Z] <<< [apiv2][status] GET https://firebase.googleapis.com/v1beta1/projects/nik2ec2lo7ne 200
[debug] [2024-11-10T14:50:27.598Z] <<< [apiv2][body] GET https://firebase.googleapis.com/v1beta1/projects/nik2ec2lo7ne {"projectId":"nik2ec2lo7ne","projectNumber":"75369160070","displayName":"Nike Clone","name":"projects/nik2ec2lo7ne","resources":{"hostingSite":"nik2ec2lo7ne"},"state":"ACTIVE","etag":"1_c3de1b1e-dac7-48e1-8894-94b2dd1c0393"}
[info] 
[info] Your public directory is the folder (relative to your project directory) that
[info] will contain Hosting assets to be uploaded with firebase deploy. If you
[info] have a build process for your assets, use your build's output directory.
[info] 
[info] i  public/404.html is unchanged 
[debug] [2024-11-10T14:50:41.526Z] >>> [apiv2][query] GET https://www.gstatic.com/firebasejs/releases.json [none]
[debug] [2024-11-10T14:50:42.876Z] <<< [apiv2][status] GET https://www.gstatic.com/firebasejs/releases.json 200
[debug] [2024-11-10T14:50:42.876Z] <<< [apiv2][body] GET https://www.gstatic.com/firebasejs/releases.json {"current":{"version":"11.0.1","browserURL":"https://www.gstatic.com/firebasejs/11.0.1/firebase.js","packageURL":"https://www.gstatic.com/firebasejs/11.0.1/firebase.tgz"},"live":{"version":"11.0","browserURL":"https://www.gstatic.com/firebasejs/live/11.0/firebase.js","packageURL":"https://www.gstatic.com/firebasejs/live/11.0/firebase.tgz"},"components":{"analytics":"https://www.gstatic.com/firebasejs/11.0.1/firebase-analytics.js","app":"https://www.gstatic.com/firebasejs/11.0.1/firebase-app.js","app-check":"https://www.gstatic.com/firebasejs/11.0.1/firebase-app-check.js","auth":"https://www.gstatic.com/firebasejs/11.0.1/firebase-auth.js","auth/cordova":"https://www.gstatic.com/firebasejs/11.0.1/firebase-auth/cordova.js","auth/web-extension":"https://www.gstatic.com/firebasejs/11.0.1/firebase-auth/web-extension.js","functions":"https://www.gstatic.com/firebasejs/11.0.1/firebase-functions.js","firestore":"https://www.gstatic.com/firebasejs/11.0.1/firebase-firestore.js","firestore/lite":"https://www.gstatic.com/firebasejs/11.0.1/firebase-firestore/lite.js","installations":"https://www.gstatic.com/firebasejs/11.0.1/firebase-installations.js","storage":"https://www.gstatic.com/firebasejs/11.0.1/firebase-storage.js","performance":"https://www.gstatic.com/firebasejs/11.0.1/firebase-performance.js","remote-config":"https://www.gstatic.com/firebasejs/11.0.1/firebase-remote-config.js","messaging":"https://www.gstatic.com/firebasejs/11.0.1/firebase-messaging.js","messaging/sw":"https://www.gstatic.com/firebasejs/11.0.1/firebase-messaging/sw.js","database":"https://www.gstatic.com/firebasejs/11.0.1/firebase-database.js","vertexai":"https://www.gstatic.com/firebasejs/11.0.1/firebase-vertexai.js","data-connect":"https://www.gstatic.com/firebasejs/11.0.1/firebase-data-connect.js","firestore.memory":"https://www.gstatic.com/firebasejs/11.0.1/firebase-firestore.memory.js"}}
[info] i  public/index.html is unchanged 
[info] 
[info] i  Didn't detect a .git folder. Assuming C:\Users\hp\Desktop\NikeCloneWebsite-main is the project root. 
[info] i  Authorizing with GitHub to upload your service account to a GitHub repository's secrets store. 
[info] 
[info] Visit this URL on this device to log in:
[info] https://github.com/login/oauth/authorize?client_id=89cf50f02ac6aaed3484&state=940936976&redirect_uri=http%3A%2F%2Flocalhost%3A9005&scope=read%3Auser%20repo%20public_repo
[info] 
[info] Waiting for authentication...
[debug] [2024-11-10T14:50:48.692Z] >>> [apiv2][query] POST https://github.com/login/oauth/access_token [none]
[debug] [2024-11-10T14:50:48.692Z] >>> [apiv2][body] POST https://github.com/login/oauth/access_token [stream]
[debug] [2024-11-10T14:50:49.643Z] <<< [apiv2][status] POST https://github.com/login/oauth/access_token 200
[debug] [2024-11-10T14:50:49.643Z] <<< [apiv2][body] POST https://github.com/login/oauth/access_token {"access_token":"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","token_type":"bearer","scope":"read:user,repo"}
[debug] [2024-11-10T14:50:49.649Z] >>> [apiv2][query] GET https://api.github.com/user [none]
[debug] [2024-11-10T14:50:50.368Z] <<< [apiv2][status] GET https://api.github.com/user 200
[debug] [2024-11-10T14:50:50.369Z] <<< [apiv2][body] GET https://api.github.com/user {"login":"DebdiptoBiswas","id":127871393,"node_id":"U_kgDOB58poQ","avatar_url":"https://avatars.githubusercontent.com/u/127871393?v=4","gravatar_id":"","url":"https://api.github.com/users/DebdiptoBiswas","html_url":"https://github.com/DebdiptoBiswas","followers_url":"https://api.github.com/users/DebdiptoBiswas/followers","following_url":"https://api.github.com/users/DebdiptoBiswas/following{/other_user}","gists_url":"https://api.github.com/users/DebdiptoBiswas/gists{/gist_id}","starred_url":"https://api.github.com/users/DebdiptoBiswas/starred{/owner}{/repo}","subscriptions_url":"https://api.github.com/users/DebdiptoBiswas/subscriptions","organizations_url":"https://api.github.com/users/DebdiptoBiswas/orgs","repos_url":"https://api.github.com/users/DebdiptoBiswas/repos","events_url":"https://api.github.com/users/DebdiptoBiswas/events{/privacy}","received_events_url":"https://api.github.com/users/DebdiptoBiswas/received_events","type":"User","user_view_type":"private","site_admin":false,"name":"Debdipto Biswas","company":null,"blog":"https://debdiptobiswas.github.io/portfolio/","location":"Vellore Institute of Technology, Chennai, Tamil Nadu, India","email":null,"hireable":null,"bio":"Student at VIT University (Chennai Campus) | Ex-Intern @ SAIL | Undergraduate Computer Science student | Java, Javascript, Node.js | Web Development","twitter_username":null,"notification_email":null,"public_repos":31,"public_gists":0,"followers":1,"following":0,"created_at":"2023-03-14T15:10:07Z","updated_at":"2024-11-06T17:06:38Z","private_gists":0,"total_private_repos":1,"owned_private_repos":1,"disk_usage":103398,"collaborators":0,"two_factor_authentication":false,"plan":{"name":"free","space":976562499,"collaborators":0,"private_repos":10000}}
[info] 
[info] +  Success! Logged into GitHub as DebdiptoBiswas 
[info] 
[debug] [2024-11-10T14:51:21.518Z] >>> [apiv2][query] GET https://api.github.com/repos/DebdiptoBiswas/actions/secrets/public-key type=owner
[debug] [2024-11-10T14:51:21.520Z] >>> [apiv2][query] GET https://api.github.com/repos///actions/secrets/public-key type=owner
[debug] [2024-11-10T14:51:23.321Z] <<< [apiv2][status] GET https://api.github.com/repos/DebdiptoBiswas/actions/secrets/public-key 404
[debug] [2024-11-10T14:51:23.321Z] <<< [apiv2][body] GET https://api.github.com/repos/DebdiptoBiswas/actions/secrets/public-key {"message":"Not Found","documentation_url":"https://docs.github.com/rest","status":"404"}
[info] 
[info] 
[error] !  The provided authorization cannot be used with this repository. If this repository is in an organization, did you remember to grant access? 
[info] 
[info] i  Action required: Visit this URL to ensure access has been granted to the appropriate organization(s) for the Firebase CLI GitHub OAuth App: 
[info] https://github.com/settings/connections/applications/89cf50f02ac6aaed3484
[info] 
[debug] [2024-11-10T14:51:23.348Z] <<< [apiv2][status] GET https://api.github.com/repos///actions/secrets/public-key 404
[debug] [2024-11-10T14:51:23.348Z] <<< [apiv2][body] GET https://api.github.com/repos///actions/secrets/public-key {"message":"Not Found","documentation_url":"https://docs.github.com/rest","status":"404"}
[info] 
[info] 
[error] !  The provided authorization cannot be used with this repository. If this repository is in an organization, did you remember to grant access? 
[info] 
[info] i  Action required: Visit this URL to ensure access has been granted to the appropriate organization(s) for the Firebase CLI GitHub OAuth App: 
[info] https://github.com/settings/connections/applications/89cf50f02ac6aaed3484
[info] 
[debug] [2024-11-10T14:51:36.172Z] >>> [apiv2][query] GET https://api.github.com/repos/NikeCloneWebsite/DebdiptoBiswas/actions/secrets/public-key type=owner
[debug] [2024-11-10T14:51:37.213Z] <<< [apiv2][status] GET https://api.github.com/repos/NikeCloneWebsite/DebdiptoBiswas/actions/secrets/public-key 404
[debug] [2024-11-10T14:51:37.213Z] <<< [apiv2][body] GET https://api.github.com/repos/NikeCloneWebsite/DebdiptoBiswas/actions/secrets/public-key {"message":"Not Found","documentation_url":"https://docs.github.com/rest/actions/secrets#get-a-repository-public-key","status":"404"}
[info] 
[info] 
[error] !  The provided authorization cannot be used with this repository. If this repository is in an organization, did you remember to grant access? 
[info] 
[info] i  Action required: Visit this URL to ensure access has been granted to the appropriate organization(s) for the Firebase CLI GitHub OAuth App: 
[info] https://github.com/settings/connections/applications/89cf50f02ac6aaed3484
[info] 
